<?xml version="1.0" encoding="UTF-8"?>
<!-- Generated by org.testng.reporters.JUnitReportReporter -->
<testsuite hostname="Talips-MBP" failures="0" tests="1" name="scenario.test.OrderTest" time="47.601" errors="0" timestamp="2021-01-21T21:23:14 EET" skipped="0">
  <testcase classname="scenario.test.OrderTest" name="orderPlayStation4Test" time="47.601"/>
</testsuite> <!-- scenario.test.OrderTest -->
