<?xml version="1.0" encoding="UTF-8"?>
<!-- Generated by org.testng.reporters.JUnitReportReporter -->
<testsuite hostname="Talips-MBP" failures="0" tests="1" name="scenario.test.LoginTest" time="5.395" errors="0" timestamp="2021-01-21T21:23:14 EET" skipped="0">
  <testcase classname="scenario.test.LoginTest" name="login" time="5.395"/>
</testsuite> <!-- scenario.test.LoginTest -->
